<?xml version="1.0" encoding="UTF-8"?>
<robot generator="Robot 7.1.1 (Python 3.13.1 on win32)" generated="2025-02-24T22:29:42.579834" rpa="false" schemaversion="5">
<suite id="s1" name="testRobot" source="C:\Users\WINDOWS\Documents\GitHub\git-group-repository-group-3-sec-2-v-2\Test\testRobot.robot">
<test id="s1-t1" name="TC001 Open Event Registration Page" line="10">
<kw name="Open Browser" owner="SeleniumLibrary">
<msg time="2025-02-24T22:29:43.040109" level="INFO">Opening browser 'Chrome' to base url 'https://sesec2group3.cpkkuhost.com'.</msg>
<msg time="2025-02-24T22:29:43.476521" level="WARN">The chromedriver version (131.0.6778.264) detected in PATH at C:\Users\WINDOWS\Desktop\WebDemo-master\ChromeForTesting\chromedriver.exe might not be compatible with the detected chrome version (133.0.6943.127); currently, chromedriver 133.0.6943.126 is recommended for chrome 133.*, so it is advised to delete the driver in PATH and retry</msg>
<msg time="2025-02-24T22:29:46.813900" level="INFO">Cannot capture screenshot because no browser is open.</msg>
<msg time="2025-02-24T22:29:46.814711" level="FAIL">SessionNotCreatedException: Message: session not created: This version of ChromeDriver only supports Chrome version 131
Current browser version is 133.0.6943.127 with binary path C:\Program Files\Google\Chrome\Application\chrome.exe
Stacktrace:
	GetHandleVerifier [0x00007FF7DE1E80D5+2992373]
	(No symbol) [0x00007FF7DDE7BFD0]
	(No symbol) [0x00007FF7DDD1590A]
	(No symbol) [0x00007FF7DDD57662]
	(No symbol) [0x00007FF7DDD566CB]
	(No symbol) [0x00007FF7DDD509E3]
	(No symbol) [0x00007FF7DDD4BC39]
	(No symbol) [0x00007FF7DDD9A6AC]
	(No symbol) [0x00007FF7DDD99C90]
	(No symbol) [0x00007FF7DDD8F113]
	(No symbol) [0x00007FF7DDD5A918]
	(No symbol) [0x00007FF7DDD5BA81]
	GetHandleVerifier [0x00007FF7DE246A2D+3379789]
	GetHandleVerifier [0x00007FF7DE25C32D+3468109]
	GetHandleVerifier [0x00007FF7DE250043+3418211]
	GetHandleVerifier [0x00007FF7DDFDC78B+847787]
	(No symbol) [0x00007FF7DDE8757F]
	(No symbol) [0x00007FF7DDE82FC4]
	(No symbol) [0x00007FF7DDE8315D]
	(No symbol) [0x00007FF7DDE72979]
	BaseThreadInitThunk [0x00007FFD8C27259D+29]
	RtlUserThreadStart [0x00007FFD8CF0AF38+40]
</msg>
<arg>${URL}</arg>
<arg>${BROWSER}</arg>
<doc>Opens a new browser instance to the optional ``url``.</doc>
<status status="FAIL" start="2025-02-24T22:29:43.039687" elapsed="3.782348">SessionNotCreatedException: Message: session not created: This version of ChromeDriver only supports Chrome version 131
Current browser version is 133.0.6943.127 with binary path C:\Program Files\Google\Chrome\Application\chrome.exe
Stacktrace:
	GetHandleVerifier [0x00007FF7DE1E80D5+2992373]
	(No symbol) [0x00007FF7DDE7BFD0]
	(No symbol) [0x00007FF7DDD1590A]
	(No symbol) [0x00007FF7DDD57662]
	(No symbol) [0x00007FF7DDD566CB]
	(No symbol) [0x00007FF7DDD509E3]
	(No symbol) [0x00007FF7DDD4BC39]
	(No symbol) [0x00007FF7DDD9A6AC]
	(No symbol) [0x00007FF7DDD99C90]
	(No symbol) [0x00007FF7DDD8F113]
	(No symbol) [0x00007FF7DDD5A918]
	(No symbol) [0x00007FF7DDD5BA81]
	GetHandleVerifier [0x00007FF7DE246A2D+3379789]
	GetHandleVerifier [0x00007FF7DE25C32D+3468109]
	GetHandleVerifier [0x00007FF7DE250043+3418211]
	GetHandleVerifier [0x00007FF7DDFDC78B+847787]
	(No symbol) [0x00007FF7DDE8757F]
	(No symbol) [0x00007FF7DDE82FC4]
	(No symbol) [0x00007FF7DDE8315D]
	(No symbol) [0x00007FF7DDE72979]
	BaseThreadInitThunk [0x00007FFD8C27259D+29]
	RtlUserThreadStart [0x00007FFD8CF0AF38+40]
</status>
</kw>
<kw name="Maximize Browser Window" owner="SeleniumLibrary">
<doc>Maximizes current browser window.</doc>
<status status="NOT RUN" start="2025-02-24T22:29:46.823306" elapsed="0.000071"/>
</kw>
<kw name="Wait Until Page Contains" owner="SeleniumLibrary">
<arg>ระบบข้อมูลงานวิจัย วิทยาลัยการคอมพิวเตอร์</arg>
<arg>timeout=30s</arg>
<doc>Waits until ``text`` appears on the current page.</doc>
<status status="NOT RUN" start="2025-02-24T22:29:46.823695" elapsed="0.000047"/>
</kw>
<kw name="Page Should Contain" owner="SeleniumLibrary">
<arg>ระบบข้อมูลงานวิจัย วิทยาลัยการคอมพิวเตอร์</arg>
<doc>Verifies that current page contains ``text``.</doc>
<status status="NOT RUN" start="2025-02-24T22:29:46.823980" elapsed="0.000123"/>
</kw>
<status status="FAIL" start="2025-02-24T22:29:43.037369" elapsed="3.787379">SessionNotCreatedException: Message: session not created: This version of ChromeDriver only supports Chrome version 131
Current browser version is 133.0.6943.127 with binary path C:\Program Files\Google\Chrome\Application\chrome.exe
Stacktrace:
	GetHandleVerifier [0x00007FF7DE1E80D5+2992373]
	(No symbol) [0x00007FF7DDE7BFD0]
	(No symbol) [0x00007FF7DDD1590A]
	(No symbol) [0x00007FF7DDD57662]
	(No symbol) [0x00007FF7DDD566CB]
	(No symbol) [0x00007FF7DDD509E3]
	(No symbol) [0x00007FF7DDD4BC39]
	(No symbol) [0x00007FF7DDD9A6AC]
	(No symbol) [0x00007FF7DDD99C90]
	(No symbol) [0x00007FF7DDD8F113]
	(No symbol) [0x00007FF7DDD5A918]
	(No symbol) [0x00007FF7DDD5BA81]
	GetHandleVerifier [0x00007FF7DE246A2D+3379789]
	GetHandleVerifier [0x00007FF7DE25C32D+3468109]
	GetHandleVerifier [0x00007FF7DE250043+3418211]
	GetHandleVerifier [0x00007FF7DDFDC78B+847787]
	(No symbol) [0x00007FF7DDE8757F]
	(No symbol) [0x00007FF7DDE82FC4]
	(No symbol) [0x00007FF7DDE8315D]
	(No symbol) [0x00007FF7DDE72979]
	BaseThreadInitThunk [0x00007FFD8C27259D+29]
	RtlUserThreadStart [0x00007FFD8CF0AF38+40]
</status>
</test>
<test id="s1-t2" name="TC002 Login Button" line="16">
<kw name="Wait Until Element Is Visible" owner="SeleniumLibrary">
<msg time="2025-02-24T22:29:46.839321" level="INFO">Cannot capture screenshot because no browser is open.</msg>
<msg time="2025-02-24T22:29:46.839515" level="FAIL">No browser is open.</msg>
<arg>xpath=//a[contains(@class,'btn-solid-sm') and text()='Login']</arg>
<arg>timeout=30s</arg>
<doc>Waits until the element ``locator`` is visible.</doc>
<status status="FAIL" start="2025-02-24T22:29:46.838460" elapsed="0.004880">No browser is open.</status>
</kw>
<kw name="Scroll Element Into View" owner="SeleniumLibrary">
<arg>xpath=//a[contains(@class,'btn-solid-sm') and text()='Login']</arg>
<doc>Scrolls the element identified by ``locator`` into view.</doc>
<status status="NOT RUN" start="2025-02-24T22:29:46.843972" elapsed="0.000129"/>
</kw>
<kw name="Click Element" owner="SeleniumLibrary">
<arg>xpath=//a[contains(@class,'btn-solid-sm') and text()='Login']</arg>
<doc>Click the element identified by ``locator``.</doc>
<status status="NOT RUN" start="2025-02-24T22:29:46.844676" elapsed="0.000048"/>
</kw>
<kw name="Sleep" owner="BuiltIn">
<arg>2s</arg>
<doc>Pauses the test executed for the given time.</doc>
<status status="NOT RUN" start="2025-02-24T22:29:46.844965" elapsed="0.000044"/>
</kw>
<kw name="Switch Window" owner="SeleniumLibrary">
<arg>NEW</arg>
<doc>Switches to browser window matching ``locator``.</doc>
<status status="NOT RUN" start="2025-02-24T22:29:46.845944" elapsed="0.000063"/>
</kw>
<kw name="Wait Until Element Is Visible" owner="SeleniumLibrary">
<arg>name=username</arg>
<arg>timeout=30s</arg>
<doc>Waits until the element ``locator`` is visible.</doc>
<status status="NOT RUN" start="2025-02-24T22:29:46.847016" elapsed="0.000050"/>
</kw>
<status status="FAIL" start="2025-02-24T22:29:46.837884" elapsed="0.010421">No browser is open.</status>
</test>
<test id="s1-t3" name="TC003 Login System" line="24">
<kw name="Input Text" owner="SeleniumLibrary">
<msg time="2025-02-24T22:29:46.851765" level="INFO">Typing text 'ngamnij@kku.ac.th' into text field 'name=username'.</msg>
<msg time="2025-02-24T22:29:46.851892" level="INFO">Cannot capture screenshot because no browser is open.</msg>
<msg time="2025-02-24T22:29:46.852024" level="FAIL">No browser is open.</msg>
<arg>name=username</arg>
<arg>ngamnij@kku.ac.th</arg>
<doc>Types the given ``text`` into the text field identified by ``locator``.</doc>
<status status="FAIL" start="2025-02-24T22:29:46.851451" elapsed="0.025209">No browser is open.</status>
</kw>
<kw name="Input Text" owner="SeleniumLibrary">
<arg>name=password</arg>
<arg>123456789</arg>
<doc>Types the given ``text`` into the text field identified by ``locator``.</doc>
<status status="NOT RUN" start="2025-02-24T22:29:46.881945" elapsed="0.000135"/>
</kw>
<kw name="Click Button" owner="SeleniumLibrary">
<arg>xpath=//button[@type='submit']</arg>
<doc>Clicks the button identified by ``locator``.</doc>
<status status="NOT RUN" start="2025-02-24T22:29:46.883293" elapsed="0.000083"/>
</kw>
<kw name="Wait Until Page Contains" owner="SeleniumLibrary">
<arg>Dashboard</arg>
<arg>timeout=30s</arg>
<doc>Waits until ``text`` appears on the current page.</doc>
<status status="NOT RUN" start="2025-02-24T22:29:46.883786" elapsed="0.000060"/>
</kw>
<status status="FAIL" start="2025-02-24T22:29:46.850506" elapsed="0.034063">No browser is open.</status>
</test>
<test id="s1-t4" name="TC004 Manage Publications" line="30">
<kw name="Sleep" owner="BuiltIn">
<msg time="2025-02-24T22:29:51.887295" level="INFO">Slept 5 seconds.</msg>
<arg>5s</arg>
<doc>Pauses the test executed for the given time.</doc>
<status status="PASS" start="2025-02-24T22:29:46.886602" elapsed="5.001025"/>
</kw>
<kw name="Wait Until Page Contains" owner="SeleniumLibrary">
<msg time="2025-02-24T22:29:51.890893" level="INFO">Cannot capture screenshot because no browser is open.</msg>
<msg time="2025-02-24T22:29:51.891178" level="FAIL">No browser is open.</msg>
<arg>Manage Publications</arg>
<arg>timeout=60s</arg>
<doc>Waits until ``text`` appears on the current page.</doc>
<status status="FAIL" start="2025-02-24T22:29:51.888382" elapsed="0.006866">No browser is open.</status>
</kw>
<kw name="Scroll Element Into View" owner="SeleniumLibrary">
<arg>xpath=//a[@data-bs-toggle='collapse' and @aria-controls='ManagePublications']</arg>
<doc>Scrolls the element identified by ``locator`` into view.</doc>
<status status="NOT RUN" start="2025-02-24T22:29:51.928215" elapsed="0.000106"/>
</kw>
<kw name="Click Element" owner="SeleniumLibrary">
<arg>xpath=//a[@data-bs-toggle='collapse' and @aria-controls='ManagePublications']</arg>
<doc>Click the element identified by ``locator``.</doc>
<status status="NOT RUN" start="2025-02-24T22:29:51.932995" elapsed="0.000098"/>
</kw>
<kw name="Sleep" owner="BuiltIn">
<arg>2s</arg>
<doc>Pauses the test executed for the given time.</doc>
<status status="NOT RUN" start="2025-02-24T22:29:51.935560" elapsed="0.000084"/>
</kw>
<kw name="Wait Until Element Is Visible" owner="SeleniumLibrary">
<arg>xpath=//span[contains(text(),'Manage Publications')]</arg>
<arg>timeout=60s</arg>
<doc>Waits until the element ``locator`` is visible.</doc>
<status status="NOT RUN" start="2025-02-24T22:29:51.937890" elapsed="0.000141"/>
</kw>
<status status="FAIL" start="2025-02-24T22:29:46.886160" elapsed="5.052731">No browser is open.</status>
</test>
<test id="s1-t5" name="TC005 Public Research Page" line="38">
<kw name="Wait Until Element Is Visible" owner="SeleniumLibrary">
<msg time="2025-02-24T22:29:51.944748" level="INFO">Cannot capture screenshot because no browser is open.</msg>
<msg time="2025-02-24T22:29:51.944890" level="FAIL">No browser is open.</msg>
<arg>xpath=//a[contains(text(),'Published research')]</arg>
<arg>timeout=60s</arg>
<doc>Waits until the element ``locator`` is visible.</doc>
<status status="FAIL" start="2025-02-24T22:29:51.943936" elapsed="0.010208">No browser is open.</status>
</kw>
<kw name="Scroll Element Into View" owner="SeleniumLibrary">
<arg>xpath=//a[contains(text(),'Published research')]</arg>
<doc>Scrolls the element identified by ``locator`` into view.</doc>
<status status="NOT RUN" start="2025-02-24T22:29:51.954790" elapsed="0.000056"/>
</kw>
<kw name="Wait Until Element Is Enabled" owner="SeleniumLibrary">
<arg>xpath=//a[contains(text(),'Published research')]</arg>
<arg>timeout=10s</arg>
<doc>Waits until the element ``locator`` is enabled.</doc>
<status status="NOT RUN" start="2025-02-24T22:29:51.955107" elapsed="0.000039"/>
</kw>
<kw name="Click Element" owner="SeleniumLibrary">
<arg>xpath=//a[contains(text(),'Published research')]</arg>
<doc>Click the element identified by ``locator``.</doc>
<status status="NOT RUN" start="2025-02-24T22:29:51.955363" elapsed="0.000045"/>
</kw>
<kw name="Sleep" owner="BuiltIn">
<arg>2s</arg>
<doc>Pauses the test executed for the given time.</doc>
<status status="NOT RUN" start="2025-02-24T22:29:51.955694" elapsed="0.000047"/>
</kw>
<kw name="Log To Console" owner="BuiltIn">
<arg>*** Checking URL ***</arg>
<doc>Logs the given message to the console.</doc>
<status status="NOT RUN" start="2025-02-24T22:29:51.955965" elapsed="0.000038"/>
</kw>
<kw name="Wait Until Location Contains" owner="SeleniumLibrary">
<arg>/papers</arg>
<arg>timeout=60s</arg>
<doc>Waits until the current URL contains ``expected``.</doc>
<status status="NOT RUN" start="2025-02-24T22:29:51.956200" elapsed="0.000037"/>
</kw>
<kw name="Wait Until Page Contains" owner="SeleniumLibrary">
<arg>Published Research</arg>
<arg>timeout=60s</arg>
<doc>Waits until ``text`` appears on the current page.</doc>
<status status="NOT RUN" start="2025-02-24T22:29:51.956429" elapsed="0.000033"/>
</kw>
<doc>ตรวจสอบว่าหน้า Published Research เปิดขึ้นสำเร็จ</doc>
<status status="FAIL" start="2025-02-24T22:29:51.942575" elapsed="0.014151">No browser is open.</status>
</test>
<test id="s1-t6" name="TC006 Call Paper" line="49">
<kw name="Wait Until Element Is Visible" owner="SeleniumLibrary">
<msg time="2025-02-24T22:29:56.032079" level="INFO">Cannot capture screenshot because no browser is open.</msg>
<msg time="2025-02-24T22:29:56.032579" level="FAIL">No browser is open.</msg>
<arg>xpath=//a[contains(.,'Call Paper')]</arg>
<arg>timeout=60s</arg>
<doc>Waits until the element ``locator`` is visible.</doc>
<status status="FAIL" start="2025-02-24T22:29:51.960254" elapsed="4.074464">No browser is open.</status>
</kw>
<kw name="Scroll Element Into View" owner="SeleniumLibrary">
<arg>xpath=//a[contains(.,'Call Paper')]</arg>
<doc>Scrolls the element identified by ``locator`` into view.</doc>
<status status="NOT RUN" start="2025-02-24T22:29:56.035169" elapsed="0.000064"/>
</kw>
<kw name="Wait Until Element Is Enabled" owner="SeleniumLibrary">
<arg>xpath=//a[contains(.,'Call Paper')]</arg>
<arg>timeout=10s</arg>
<doc>Waits until the element ``locator`` is enabled.</doc>
<status status="NOT RUN" start="2025-02-24T22:29:56.035522" elapsed="0.000043"/>
</kw>
<kw name="Click Element" owner="SeleniumLibrary">
<arg>xpath=//a[contains(.,'Call Paper')]</arg>
<doc>Click the element identified by ``locator``.</doc>
<status status="NOT RUN" start="2025-02-24T22:29:56.035749" elapsed="0.000029"/>
</kw>
<kw name="Sleep" owner="BuiltIn">
<arg>2s</arg>
<doc>Pauses the test executed for the given time.</doc>
<status status="NOT RUN" start="2025-02-24T22:29:56.035999" elapsed="0.000045"/>
</kw>
<kw name="Log To Console" owner="BuiltIn">
<arg>*** Checking URL ***</arg>
<doc>Logs the given message to the console.</doc>
<status status="NOT RUN" start="2025-02-24T22:29:56.036270" elapsed="0.000056"/>
</kw>
<kw name="Wait Until Location Contains" owner="SeleniumLibrary">
<arg>/callscopus</arg>
<arg>timeout=60s</arg>
<doc>Waits until the current URL contains ``expected``.</doc>
<status status="NOT RUN" start="2025-02-24T22:29:56.036523" elapsed="0.000028"/>
</kw>
<kw name="Wait Until Page Contains" owner="SeleniumLibrary">
<arg>Call for Papers</arg>
<arg>timeout=60s</arg>
<doc>Waits until ``text`` appears on the current page.</doc>
<status status="NOT RUN" start="2025-02-24T22:29:56.036718" elapsed="0.000026"/>
</kw>
<doc>ตรวจสอบว่าหน้า Call for Papers เปิดขึ้นสำเร็จ</doc>
<status status="FAIL" start="2025-02-24T22:29:51.958594" elapsed="4.078394">No browser is open.</status>
</test>
<test id="s1-t7" name="TC007 Research Groups" line="60">
<kw name="Wait Until Page Contains Element" owner="SeleniumLibrary">
<msg time="2025-02-24T22:29:56.038892" level="INFO">Cannot capture screenshot because no browser is open.</msg>
<msg time="2025-02-24T22:29:56.039018" level="FAIL">No browser is open.</msg>
<arg>xpath=//a[@class='nav-link']/span[contains(@class,'menu-title') and contains(text(),'Research Group')]</arg>
<arg>timeout=90s</arg>
<doc>Waits until the element ``locator`` appears on the current page.</doc>
<status status="FAIL" start="2025-02-24T22:29:56.038374" elapsed="0.002356">No browser is open.</status>
</kw>
<kw name="Execute Javascript" owner="SeleniumLibrary">
<arg>window.scrollTo(0, document.body.scrollHeight);</arg>
<doc>Executes the given JavaScript code with possible arguments.</doc>
<status status="NOT RUN" start="2025-02-24T22:29:56.040987" elapsed="0.000034"/>
</kw>
<kw name="Scroll Element Into View" owner="SeleniumLibrary">
<arg>xpath=//a[@class='nav-link']/span[contains(@class,'menu-title') and contains(text(),'Research Group')]</arg>
<doc>Scrolls the element identified by ``locator`` into view.</doc>
<status status="NOT RUN" start="2025-02-24T22:29:56.041437" elapsed="0.000062"/>
</kw>
<kw name="Wait Until Element Is Visible" owner="SeleniumLibrary">
<arg>xpath=//a[@class='nav-link']/span[contains(@class,'menu-title') and contains(text(),'Research Group')]</arg>
<arg>timeout=30s</arg>
<doc>Waits until the element ``locator`` is visible.</doc>
<status status="NOT RUN" start="2025-02-24T22:29:56.041778" elapsed="0.000042"/>
</kw>
<kw name="Click Element" owner="SeleniumLibrary">
<arg>xpath=//a[@class='nav-link']/span[contains(@class,'menu-title') and contains(text(),'Research Group')]</arg>
<doc>Click the element identified by ``locator``.</doc>
<status status="NOT RUN" start="2025-02-24T22:29:56.042061" elapsed="0.000034"/>
</kw>
<kw name="Sleep" owner="BuiltIn">
<arg>2s</arg>
<doc>Pauses the test executed for the given time.</doc>
<status status="NOT RUN" start="2025-02-24T22:29:56.042513" elapsed="0.000063"/>
</kw>
<kw name="Wait Until Element Is Visible" owner="SeleniumLibrary">
<arg>xpath=//h1[contains(text(),'Research Groups List')]</arg>
<arg>timeout=60s</arg>
<doc>Waits until the element ``locator`` is visible.</doc>
<status status="NOT RUN" start="2025-02-24T22:29:56.042809" elapsed="0.000040"/>
</kw>
<status status="FAIL" start="2025-02-24T22:29:56.037921" elapsed="0.005202">No browser is open.</status>
</test>
<test id="s1-t8" name="TC008 Edit Research Groups" line="69">
<kw name="Wait Until Element Is Visible" owner="SeleniumLibrary">
<msg time="2025-02-24T22:29:56.044772" level="INFO">Cannot capture screenshot because no browser is open.</msg>
<msg time="2025-02-24T22:29:56.044859" level="FAIL">No browser is open.</msg>
<arg>xpath=//a[contains(@class,'btn-outline-success') and @title='Edit']</arg>
<arg>timeout=60s</arg>
<doc>Waits until the element ``locator`` is visible.</doc>
<status status="FAIL" start="2025-02-24T22:29:56.044399" elapsed="0.002268">No browser is open.</status>
</kw>
<kw name="Scroll Element Into View" owner="SeleniumLibrary">
<arg>xpath=//a[contains(@class,'btn-outline-success') and @title='Edit']</arg>
<doc>Scrolls the element identified by ``locator`` into view.</doc>
<status status="NOT RUN" start="2025-02-24T22:29:56.046901" elapsed="0.000034"/>
</kw>
<kw name="Click Element" owner="SeleniumLibrary">
<arg>xpath=//a[contains(@class,'btn-outline-success') and @title='Edit']</arg>
<doc>Click the element identified by ``locator``.</doc>
<status status="NOT RUN" start="2025-02-24T22:29:56.048733" elapsed="0.000060"/>
</kw>
<kw name="Sleep" owner="BuiltIn">
<arg>2s</arg>
<doc>Pauses the test executed for the given time.</doc>
<status status="NOT RUN" start="2025-02-24T22:29:56.049232" elapsed="0.000041"/>
</kw>
<kw name="Wait Until Page Contains" owner="SeleniumLibrary">
<arg>Edit Research Group</arg>
<arg>timeout=60s</arg>
<doc>Waits until ``text`` appears on the current page.</doc>
<status status="NOT RUN" start="2025-02-24T22:29:56.049795" elapsed="0.000053"/>
</kw>
<status status="FAIL" start="2025-02-24T22:29:56.043832" elapsed="0.006355">No browser is open.</status>
</test>
<test id="s1-t9" name="TC009 Add Post-Doctoral" line="76">
<kw name="Wait Until Element Is Visible" owner="SeleniumLibrary">
<msg time="2025-02-24T22:29:56.052060" level="INFO">Cannot capture screenshot because no browser is open.</msg>
<msg time="2025-02-24T22:29:56.052146" level="FAIL">No browser is open.</msg>
<arg>id=add-btn-postdoc</arg>
<arg>timeout=60s</arg>
<doc>Waits until the element ``locator`` is visible.</doc>
<status status="FAIL" start="2025-02-24T22:29:56.051749" elapsed="0.002138">No browser is open.</status>
</kw>
<kw name="Scroll Element Into View" owner="SeleniumLibrary">
<arg>id=add-btn-postdoc</arg>
<doc>Scrolls the element identified by ``locator`` into view.</doc>
<status status="NOT RUN" start="2025-02-24T22:29:56.054132" elapsed="0.000035"/>
</kw>
<kw name="Click Button" owner="SeleniumLibrary">
<arg>id=add-btn-postdoc</arg>
<doc>Clicks the button identified by ``locator``.</doc>
<status status="NOT RUN" start="2025-02-24T22:29:56.054693" elapsed="0.000060"/>
</kw>
<kw name="Sleep" owner="BuiltIn">
<arg>5s</arg>
<doc>Pauses the test executed for the given time.</doc>
<status status="NOT RUN" start="2025-02-24T22:29:56.055135" elapsed="0.000040"/>
</kw>
<kw name="Wait Until Page Contains" owner="SeleniumLibrary">
<arg>Add Post-Doctoral</arg>
<arg>timeout=60s</arg>
<doc>Waits until ``text`` appears on the current page.</doc>
<status status="NOT RUN" start="2025-02-24T22:29:56.056649" elapsed="0.000057"/>
</kw>
<status status="FAIL" start="2025-02-24T22:29:56.051425" elapsed="0.005575">No browser is open.</status>
</test>
<test id="s1-t10" name="TC010 Logout" line="83">
<kw name="Wait Until Element Is Visible" owner="SeleniumLibrary">
<msg time="2025-02-24T22:29:56.058573" level="INFO">Cannot capture screenshot because no browser is open.</msg>
<msg time="2025-02-24T22:29:56.058660" level="FAIL">No browser is open.</msg>
<arg>xpath=//a[contains(text(),'Logout')]</arg>
<arg>timeout=30s</arg>
<doc>Waits until the element ``locator`` is visible.</doc>
<status status="FAIL" start="2025-02-24T22:29:56.058241" elapsed="0.003291">No browser is open.</status>
</kw>
<kw name="Click Element" owner="SeleniumLibrary">
<arg>xpath=//a[contains(text(),'Logout')]</arg>
<doc>Click the element identified by ``locator``.</doc>
<status status="NOT RUN" start="2025-02-24T22:29:56.061918" elapsed="0.000044"/>
</kw>
<kw name="Wait Until Page Contains" owner="SeleniumLibrary">
<arg>Login</arg>
<arg>timeout=30s</arg>
<doc>Waits until ``text`` appears on the current page.</doc>
<status status="NOT RUN" start="2025-02-24T22:29:56.062215" elapsed="0.000084"/>
</kw>
<kw name="Location Should Be" owner="SeleniumLibrary">
<arg>${URL}/login</arg>
<doc>Verifies that the current URL is exactly ``url``.</doc>
<status status="NOT RUN" start="2025-02-24T22:29:56.063095" elapsed="0.000057"/>
</kw>
<status status="FAIL" start="2025-02-24T22:29:56.057771" elapsed="0.006034">No browser is open.</status>
</test>
<test id="s1-t11" name="TC011 Open Event Registration Page" line="89">
<kw name="Open Browser" owner="SeleniumLibrary">
<msg time="2025-02-24T22:29:56.067250" level="INFO">Opening browser 'Chrome' to base url 'https://sesec2group3.cpkkuhost.com'.</msg>
<msg time="2025-02-24T22:29:56.554973" level="WARN">The chromedriver version (131.0.6778.264) detected in PATH at C:\Users\WINDOWS\Desktop\WebDemo-master\ChromeForTesting\chromedriver.exe might not be compatible with the detected chrome version (133.0.6943.127); currently, chromedriver 133.0.6943.126 is recommended for chrome 133.*, so it is advised to delete the driver in PATH and retry</msg>
<msg time="2025-02-24T22:29:59.870963" level="INFO">Cannot capture screenshot because no browser is open.</msg>
<msg time="2025-02-24T22:29:59.871279" level="FAIL">SessionNotCreatedException: Message: session not created: This version of ChromeDriver only supports Chrome version 131
Current browser version is 133.0.6943.127 with binary path C:\Program Files\Google\Chrome\Application\chrome.exe
Stacktrace:
	GetHandleVerifier [0x00007FF7DE1E80D5+2992373]
	(No symbol) [0x00007FF7DDE7BFD0]
	(No symbol) [0x00007FF7DDD1590A]
	(No symbol) [0x00007FF7DDD57662]
	(No symbol) [0x00007FF7DDD566CB]
	(No symbol) [0x00007FF7DDD509E3]
	(No symbol) [0x00007FF7DDD4BC39]
	(No symbol) [0x00007FF7DDD9A6AC]
	(No symbol) [0x00007FF7DDD99C90]
	(No symbol) [0x00007FF7DDD8F113]
	(No symbol) [0x00007FF7DDD5A918]
	(No symbol) [0x00007FF7DDD5BA81]
	GetHandleVerifier [0x00007FF7DE246A2D+3379789]
	GetHandleVerifier [0x00007FF7DE25C32D+3468109]
	GetHandleVerifier [0x00007FF7DE250043+3418211]
	GetHandleVerifier [0x00007FF7DDFDC78B+847787]
	(No symbol) [0x00007FF7DDE8757F]
	(No symbol) [0x00007FF7DDE82FC4]
	(No symbol) [0x00007FF7DDE8315D]
	(No symbol) [0x00007FF7DDE72979]
	BaseThreadInitThunk [0x00007FFD8C27259D+29]
	RtlUserThreadStart [0x00007FFD8CF0AF38+40]
</msg>
<arg>${URL}</arg>
<arg>${BROWSER}</arg>
<doc>Opens a new browser instance to the optional ``url``.</doc>
<status status="FAIL" start="2025-02-24T22:29:56.066827" elapsed="3.808842">SessionNotCreatedException: Message: session not created: This version of ChromeDriver only supports Chrome version 131
Current browser version is 133.0.6943.127 with binary path C:\Program Files\Google\Chrome\Application\chrome.exe
Stacktrace:
	GetHandleVerifier [0x00007FF7DE1E80D5+2992373]
	(No symbol) [0x00007FF7DDE7BFD0]
	(No symbol) [0x00007FF7DDD1590A]
	(No symbol) [0x00007FF7DDD57662]
	(No symbol) [0x00007FF7DDD566CB]
	(No symbol) [0x00007FF7DDD509E3]
	(No symbol) [0x00007FF7DDD4BC39]
	(No symbol) [0x00007FF7DDD9A6AC]
	(No symbol) [0x00007FF7DDD99C90]
	(No symbol) [0x00007FF7DDD8F113]
	(No symbol) [0x00007FF7DDD5A918]
	(No symbol) [0x00007FF7DDD5BA81]
	GetHandleVerifier [0x00007FF7DE246A2D+3379789]
	GetHandleVerifier [0x00007FF7DE25C32D+3468109]
	GetHandleVerifier [0x00007FF7DE250043+3418211]
	GetHandleVerifier [0x00007FF7DDFDC78B+847787]
	(No symbol) [0x00007FF7DDE8757F]
	(No symbol) [0x00007FF7DDE82FC4]
	(No symbol) [0x00007FF7DDE8315D]
	(No symbol) [0x00007FF7DDE72979]
	BaseThreadInitThunk [0x00007FFD8C27259D+29]
	RtlUserThreadStart [0x00007FFD8CF0AF38+40]
</status>
</kw>
<kw name="Maximize Browser Window" owner="SeleniumLibrary">
<doc>Maximizes current browser window.</doc>
<status status="NOT RUN" start="2025-02-24T22:29:59.879215" elapsed="0.000071"/>
</kw>
<kw name="Wait Until Page Contains" owner="SeleniumLibrary">
<arg>ระบบข้อมูลงานวิจัย วิทยาลัยการคอมพิวเตอร์</arg>
<arg>timeout=30s</arg>
<doc>Waits until ``text`` appears on the current page.</doc>
<status status="NOT RUN" start="2025-02-24T22:29:59.880043" elapsed="0.000052"/>
</kw>
<kw name="Page Should Contain" owner="SeleniumLibrary">
<arg>ระบบข้อมูลงานวิจัย วิทยาลัยการคอมพิวเตอร์</arg>
<doc>Verifies that current page contains ``text``.</doc>
<status status="NOT RUN" start="2025-02-24T22:29:59.880438" elapsed="0.000056"/>
</kw>
<status status="FAIL" start="2025-02-24T22:29:56.066065" elapsed="3.814780">SessionNotCreatedException: Message: session not created: This version of ChromeDriver only supports Chrome version 131
Current browser version is 133.0.6943.127 with binary path C:\Program Files\Google\Chrome\Application\chrome.exe
Stacktrace:
	GetHandleVerifier [0x00007FF7DE1E80D5+2992373]
	(No symbol) [0x00007FF7DDE7BFD0]
	(No symbol) [0x00007FF7DDD1590A]
	(No symbol) [0x00007FF7DDD57662]
	(No symbol) [0x00007FF7DDD566CB]
	(No symbol) [0x00007FF7DDD509E3]
	(No symbol) [0x00007FF7DDD4BC39]
	(No symbol) [0x00007FF7DDD9A6AC]
	(No symbol) [0x00007FF7DDD99C90]
	(No symbol) [0x00007FF7DDD8F113]
	(No symbol) [0x00007FF7DDD5A918]
	(No symbol) [0x00007FF7DDD5BA81]
	GetHandleVerifier [0x00007FF7DE246A2D+3379789]
	GetHandleVerifier [0x00007FF7DE25C32D+3468109]
	GetHandleVerifier [0x00007FF7DE250043+3418211]
	GetHandleVerifier [0x00007FF7DDFDC78B+847787]
	(No symbol) [0x00007FF7DDE8757F]
	(No symbol) [0x00007FF7DDE82FC4]
	(No symbol) [0x00007FF7DDE8315D]
	(No symbol) [0x00007FF7DDE72979]
	BaseThreadInitThunk [0x00007FFD8C27259D+29]
	RtlUserThreadStart [0x00007FFD8CF0AF38+40]
</status>
</test>
<test id="s1-t12" name="TC012 Researcher Group Navigation" line="95">
<kw name="Wait Until Element Is Visible" owner="SeleniumLibrary">
<msg time="2025-02-24T22:29:59.885708" level="INFO">Cannot capture screenshot because no browser is open.</msg>
<msg time="2025-02-24T22:29:59.885816" level="FAIL">No browser is open.</msg>
<arg>xpath=//a[contains(text(),'Research Group')]</arg>
<arg>timeout=30s</arg>
<doc>Waits until the element ``locator`` is visible.</doc>
<status status="FAIL" start="2025-02-24T22:29:59.885290" elapsed="0.002515">No browser is open.</status>
</kw>
<kw name="Click Element" owner="SeleniumLibrary">
<arg>xpath=//a[contains(text(),'Research Group')]</arg>
<doc>Click the element identified by ``locator``.</doc>
<status status="NOT RUN" start="2025-02-24T22:29:59.888200" elapsed="0.000042"/>
</kw>
<kw name="Wait Until Page Contains" owner="SeleniumLibrary">
<arg>Research Group</arg>
<arg>timeout=30s</arg>
<doc>Waits until ``text`` appears on the current page.</doc>
<status status="NOT RUN" start="2025-02-24T22:29:59.888520" elapsed="0.000039"/>
</kw>
<status status="FAIL" start="2025-02-24T22:29:59.884876" elapsed="0.003933">No browser is open.</status>
</test>
<test id="s1-t13" name="TC013 Search by Research Group" line="100">
<kw name="Wait Until Element Is Visible" owner="SeleniumLibrary">
<msg time="2025-02-24T22:29:59.890443" level="INFO">Cannot capture screenshot because no browser is open.</msg>
<msg time="2025-02-24T22:29:59.890570" level="FAIL">No browser is open.</msg>
<arg>id=searchInput</arg>
<arg>timeout=60s</arg>
<doc>Waits until the element ``locator`` is visible.</doc>
<status status="FAIL" start="2025-02-24T22:29:59.889997" elapsed="0.003240">No browser is open.</status>
</kw>
<kw name="Scroll Element Into View" owner="SeleniumLibrary">
<arg>id=searchInput</arg>
<doc>Scrolls the element identified by ``locator`` into view.</doc>
<status status="NOT RUN" start="2025-02-24T22:29:59.893563" elapsed="0.000057"/>
</kw>
<kw name="Input Text" owner="SeleniumLibrary">
<arg>id=searchInput</arg>
<arg>AGT</arg>
<doc>Types the given ``text`` into the text field identified by ``locator``.</doc>
<status status="NOT RUN" start="2025-02-24T22:29:59.893896" elapsed="0.000046"/>
</kw>
<kw name="Press Keys" owner="SeleniumLibrary">
<arg>id=searchInput</arg>
<arg>ENTER</arg>
<doc>Simulates the user pressing key(s) to an element or on the active browser.</doc>
<status status="NOT RUN" start="2025-02-24T22:29:59.894244" elapsed="0.000038"/>
</kw>
<kw name="Wait Until Page Contains" owner="SeleniumLibrary">
<arg>AGT Lab</arg>
<arg>timeout=60s</arg>
<doc>Waits until ``text`` appears on the current page.</doc>
<status status="NOT RUN" start="2025-02-24T22:29:59.894592" elapsed="0.000049"/>
</kw>
<status status="FAIL" start="2025-02-24T22:29:59.889565" elapsed="0.005342">No browser is open.</status>
</test>
<test id="s1-t14" name="TC014 Researcher Group Navigation" line="107">
<kw name="Wait Until Element Is Visible" owner="SeleniumLibrary">
<msg time="2025-02-24T22:29:59.899450" level="INFO">Cannot capture screenshot because no browser is open.</msg>
<msg time="2025-02-24T22:29:59.899591" level="FAIL">No browser is open.</msg>
<arg>xpath=//a[contains(text(),'Research Group')]</arg>
<arg>timeout=30s</arg>
<doc>Waits until the element ``locator`` is visible.</doc>
<status status="FAIL" start="2025-02-24T22:29:59.898952" elapsed="0.003510">No browser is open.</status>
</kw>
<kw name="Click Element" owner="SeleniumLibrary">
<arg>xpath=//a[contains(text(),'Research Group')]</arg>
<doc>Click the element identified by ``locator``.</doc>
<status status="NOT RUN" start="2025-02-24T22:29:59.902892" elapsed="0.000071"/>
</kw>
<kw name="Wait Until Page Contains" owner="SeleniumLibrary">
<arg>Research Group</arg>
<arg>timeout=30s</arg>
<doc>Waits until ``text`` appears on the current page.</doc>
<status status="NOT RUN" start="2025-02-24T22:29:59.903240" elapsed="0.000038"/>
</kw>
<status status="FAIL" start="2025-02-24T22:29:59.896150" elapsed="0.007464">No browser is open.</status>
</test>
<test id="s1-t15" name="TC015 Search by Research Group" line="112">
<kw name="Wait Until Element Is Visible" owner="SeleniumLibrary">
<msg time="2025-02-24T22:29:59.906532" level="INFO">Cannot capture screenshot because no browser is open.</msg>
<msg time="2025-02-24T22:29:59.906844" level="FAIL">No browser is open.</msg>
<arg>id=searchInput</arg>
<arg>timeout=60s</arg>
<doc>Waits until the element ``locator`` is visible.</doc>
<status status="FAIL" start="2025-02-24T22:29:59.905497" elapsed="0.004994">No browser is open.</status>
</kw>
<kw name="Scroll Element Into View" owner="SeleniumLibrary">
<arg>id=searchInput</arg>
<doc>Scrolls the element identified by ``locator`` into view.</doc>
<status status="NOT RUN" start="2025-02-24T22:29:59.910853" elapsed="0.000056"/>
</kw>
<kw name="Input Text" owner="SeleniumLibrary">
<arg>id=searchInput</arg>
<arg>Pipat</arg>
<doc>Types the given ``text`` into the text field identified by ``locator``.</doc>
<status status="NOT RUN" start="2025-02-24T22:29:59.911330" elapsed="0.000053"/>
</kw>
<kw name="Press Keys" owner="SeleniumLibrary">
<arg>id=searchInput</arg>
<arg>ENTER</arg>
<doc>Simulates the user pressing key(s) to an element or on the active browser.</doc>
<status status="NOT RUN" start="2025-02-24T22:29:59.911659" elapsed="0.000045"/>
</kw>
<kw name="Wait Until Page Contains" owner="SeleniumLibrary">
<arg>Pipat</arg>
<arg>timeout=60s</arg>
<doc>Waits until ``text`` appears on the current page.</doc>
<status status="NOT RUN" start="2025-02-24T22:29:59.911924" elapsed="0.000038"/>
</kw>
<status status="FAIL" start="2025-02-24T22:29:59.904930" elapsed="0.007382">No browser is open.</status>
</test>
<test id="s1-t16" name="TC016 View Research Group Details" line="119">
<kw name="Wait Until Element Is Visible" owner="SeleniumLibrary">
<msg time="2025-02-24T22:29:59.915390" level="INFO">Cannot capture screenshot because no browser is open.</msg>
<msg time="2025-02-24T22:29:59.915518" level="FAIL">No browser is open.</msg>
<arg>xpath=//h5[contains(@class,'group-name')]</arg>
<arg>timeout=60s</arg>
<doc>Waits until the element ``locator`` is visible.</doc>
<status status="FAIL" start="2025-02-24T22:29:59.914948" elapsed="0.017305">No browser is open.</status>
</kw>
<kw name="Click Element" owner="SeleniumLibrary">
<arg>xpath=//h5[contains(@class,'group-name')]</arg>
<doc>Click the element identified by ``locator``.</doc>
<status status="NOT RUN" start="2025-02-24T22:29:59.941077" elapsed="0.000065"/>
</kw>
<kw name="Sleep" owner="BuiltIn">
<arg>2s</arg>
<doc>Pauses the test executed for the given time.</doc>
<status status="NOT RUN" start="2025-02-24T22:29:59.941469" elapsed="0.000241"/>
</kw>
<kw name="Wait Until Page Contains" owner="SeleniumLibrary">
<arg>AGT Lab</arg>
<arg>timeout=60s</arg>
<doc>Waits until ``text`` appears on the current page.</doc>
<status status="NOT RUN" start="2025-02-24T22:29:59.942023" elapsed="0.000042"/>
</kw>
<status status="FAIL" start="2025-02-24T22:29:59.914336" elapsed="0.028015">No browser is open.</status>
</test>
<test id="s1-t17" name="TC017 Researchers Navigation" line="125">
<kw name="Wait Until Element Is Visible" owner="SeleniumLibrary">
<msg time="2025-02-24T22:29:59.953508" level="INFO">Cannot capture screenshot because no browser is open.</msg>
<msg time="2025-02-24T22:29:59.953674" level="FAIL">No browser is open.</msg>
<arg>xpath=//a[contains(text(),'Researchers')]</arg>
<arg>timeout=30s</arg>
<doc>Waits until the element ``locator`` is visible.</doc>
<status status="FAIL" start="2025-02-24T22:29:59.952942" elapsed="0.003743">No browser is open.</status>
</kw>
<kw name="Click Element" owner="SeleniumLibrary">
<arg>xpath=//a[contains(text(),'Researchers')]</arg>
<doc>Click the element identified by ``locator``.</doc>
<status status="NOT RUN" start="2025-02-24T22:29:59.957167" elapsed="0.000057"/>
</kw>
<kw name="Wait Until Page Contains" owner="SeleniumLibrary">
<arg>OUR RESEARCH</arg>
<arg>timeout=30s</arg>
<doc>Waits until ``text`` appears on the current page.</doc>
<status status="NOT RUN" start="2025-02-24T22:29:59.957529" elapsed="0.000049"/>
</kw>
<status status="FAIL" start="2025-02-24T22:29:59.945544" elapsed="0.012340">No browser is open.</status>
</test>
<test id="s1-t18" name="TC018 View Researcher Profile" line="130">
<kw name="Wait Until Element Is Visible" owner="SeleniumLibrary">
<msg time="2025-02-24T22:29:59.961260" level="INFO">Cannot capture screenshot because no browser is open.</msg>
<msg time="2025-02-24T22:29:59.961383" level="FAIL">No browser is open.</msg>
<arg>xpath=//a[.//span[contains(text(),'Punyaphol Horata')]]</arg>
<arg>timeout=60s</arg>
<doc>Waits until the element ``locator`` is visible.</doc>
<status status="FAIL" start="2025-02-24T22:29:59.960821" elapsed="0.008425">No browser is open.</status>
</kw>
<kw name="Scroll Element Into View" owner="SeleniumLibrary">
<arg>xpath=//a[.//span[contains(text(),'Punyaphol Horata')]]</arg>
<doc>Scrolls the element identified by ``locator`` into view.</doc>
<status status="NOT RUN" start="2025-02-24T22:29:59.969722" elapsed="0.000053"/>
</kw>
<kw name="Wait Until Element Is Enabled" owner="SeleniumLibrary">
<arg>xpath=//a[.//span[contains(text(),'Punyaphol Horata')]]</arg>
<arg>timeout=10s</arg>
<doc>Waits until the element ``locator`` is enabled.</doc>
<status status="NOT RUN" start="2025-02-24T22:29:59.970025" elapsed="0.000039"/>
</kw>
<kw name="Click Element" owner="SeleniumLibrary">
<arg>xpath=//a[.//span[contains(text(),'Punyaphol Horata')]]</arg>
<doc>Click the element identified by ``locator``.</doc>
<status status="NOT RUN" start="2025-02-24T22:29:59.970339" elapsed="0.000053"/>
</kw>
<kw name="Sleep" owner="BuiltIn">
<arg>2s</arg>
<doc>Pauses the test executed for the given time.</doc>
<status status="NOT RUN" start="2025-02-24T22:29:59.970672" elapsed="0.000060"/>
</kw>
<kw name="Log To Console" owner="BuiltIn">
<arg>*** Checking URL ***</arg>
<doc>Logs the given message to the console.</doc>
<status status="NOT RUN" start="2025-02-24T22:29:59.971379" elapsed="0.000095"/>
</kw>
<kw name="Wait Until Location Contains" owner="SeleniumLibrary">
<arg>/detail/</arg>
<arg>timeout=60s</arg>
<doc>Waits until the current URL contains ``expected``.</doc>
<status status="NOT RUN" start="2025-02-24T22:29:59.971903" elapsed="0.000059"/>
</kw>
<kw name="Wait Until Page Contains" owner="SeleniumLibrary">
<arg>Punyaphol Horata</arg>
<arg>timeout=60s</arg>
<doc>Waits until ``text`` appears on the current page.</doc>
<status status="NOT RUN" start="2025-02-24T22:29:59.972548" elapsed="0.000047"/>
</kw>
<doc>ตรวจสอบว่าหน้าโปรไฟล์ของ Punyaphol Horata โหลดสำเร็จ</doc>
<status status="FAIL" start="2025-02-24T22:29:59.959058" elapsed="0.013829">No browser is open.</status>
</test>
<test id="s1-t19" name="TC019 Search Research by Researcher" line="141">
<kw name="Wait Until Element Is Visible" owner="SeleniumLibrary">
<msg time="2025-02-24T22:29:59.975817" level="INFO">Cannot capture screenshot because no browser is open.</msg>
<msg time="2025-02-24T22:29:59.975958" level="FAIL">No browser is open.</msg>
<arg>xpath=//input[@type='search' and contains(@class,'form-control')]</arg>
<arg>timeout=60s</arg>
<doc>Waits until the element ``locator`` is visible.</doc>
<status status="FAIL" start="2025-02-24T22:29:59.975308" elapsed="0.005563">No browser is open.</status>
</kw>
<kw name="Scroll Element Into View" owner="SeleniumLibrary">
<arg>xpath=//input[@type='search' and contains(@class,'form-control')]</arg>
<doc>Scrolls the element identified by ``locator`` into view.</doc>
<status status="NOT RUN" start="2025-02-24T22:29:59.981350" elapsed="0.000063"/>
</kw>
<kw name="Input Text" owner="SeleniumLibrary">
<arg>xpath=//input[@type='search' and contains(@class,'form-control')]</arg>
<arg>Punyaphol</arg>
<doc>Types the given ``text`` into the text field identified by ``locator``.</doc>
<status status="NOT RUN" start="2025-02-24T22:29:59.981696" elapsed="0.000044"/>
</kw>
<kw name="Press Keys" owner="SeleniumLibrary">
<arg>xpath=//input[@type='search' and contains(@class,'form-control')]</arg>
<arg>ENTER</arg>
<doc>Simulates the user pressing key(s) to an element or on the active browser.</doc>
<status status="NOT RUN" start="2025-02-24T22:29:59.982105" elapsed="0.000061"/>
</kw>
<kw name="Wait Until Page Contains" owner="SeleniumLibrary">
<arg>Punyaphol</arg>
<arg>timeout=60s</arg>
<doc>Waits until ``text`` appears on the current page.</doc>
<status status="NOT RUN" start="2025-02-24T22:29:59.982430" elapsed="0.000042"/>
</kw>
<status status="FAIL" start="2025-02-24T22:29:59.974280" elapsed="0.008500">No browser is open.</status>
</test>
<test id="s1-t20" name="TC020 Search Research by Title" line="148">
<kw name="Wait Until Element Is Enabled" owner="SeleniumLibrary">
<msg time="2025-02-24T22:29:59.990083" level="INFO">Cannot capture screenshot because no browser is open.</msg>
<msg time="2025-02-24T22:29:59.990233" level="FAIL">No browser is open.</msg>
<arg>xpath=//input[@type='search' and contains(@class,'form-control')]</arg>
<arg>timeout=60s</arg>
<doc>Waits until the element ``locator`` is enabled.</doc>
<status status="FAIL" start="2025-02-24T22:29:59.989559" elapsed="0.009523">No browser is open.</status>
</kw>
<kw name="Scroll Element Into View" owner="SeleniumLibrary">
<arg>xpath=//input[@type='search' and contains(@class,'form-control')]</arg>
<doc>Scrolls the element identified by ``locator`` into view.</doc>
<status status="NOT RUN" start="2025-02-24T22:29:59.999681" elapsed="0.000064"/>
</kw>
<kw name="Execute Javascript" owner="SeleniumLibrary">
<arg>document.querySelector("input[type='search']").focus();</arg>
<doc>Executes the given JavaScript code with possible arguments.</doc>
<status status="NOT RUN" start="2025-02-24T22:29:59.999986" elapsed="0.000032"/>
</kw>
<kw name="Input Text" owner="SeleniumLibrary">
<arg>xpath=//input[@type='search' and contains(@class,'form-control')]</arg>
<arg>Enhanced Local Receptive Fields based Extreme Learning Machine using Dominant Patterns Selection</arg>
<doc>Types the given ``text`` into the text field identified by ``locator``.</doc>
<status status="NOT RUN" start="2025-02-24T22:30:00.000169" elapsed="0.000027"/>
</kw>
<kw name="Press Keys" owner="SeleniumLibrary">
<arg>xpath=//input[@type='search' and contains(@class,'form-control')]</arg>
<arg>ENTER</arg>
<doc>Simulates the user pressing key(s) to an element or on the active browser.</doc>
<status status="NOT RUN" start="2025-02-24T22:30:00.000361" elapsed="0.000035"/>
</kw>
<kw name="Wait Until Page Contains" owner="SeleniumLibrary">
<arg>Enhanced Local Receptive</arg>
<arg>timeout=60s</arg>
<doc>Waits until ``text`` appears on the current page.</doc>
<status status="NOT RUN" start="2025-02-24T22:30:00.000645" elapsed="0.000037"/>
</kw>
<status status="FAIL" start="2025-02-24T22:29:59.988864" elapsed="0.012225">No browser is open.</status>
</test>
<test id="s1-t21" name="TC021 View Research Details" line="156">
<kw name="Wait Until Page Contains Element" owner="SeleniumLibrary">
<msg time="2025-02-24T22:30:00.003260" level="INFO">Cannot capture screenshot because no browser is open.</msg>
<msg time="2025-02-24T22:30:00.003375" level="FAIL">No browser is open.</msg>
<arg>xpath=//a[contains(text(),'Enhanced Local Receptive Fields based Extreme Learning Machine using Dominant Patterns Selection')]</arg>
<arg>timeout=60s</arg>
<doc>Waits until the element ``locator`` appears on the current page.</doc>
<status status="FAIL" start="2025-02-24T22:30:00.002898" elapsed="4.105598">No browser is open.</status>
</kw>
<kw name="Scroll Element Into View" owner="SeleniumLibrary">
<arg>xpath=//a[contains(text(),'Enhanced Local Receptive Fields based Extreme Learning Machine using Dominant Patterns Selection')]</arg>
<doc>Scrolls the element identified by ``locator`` into view.</doc>
<status status="NOT RUN" start="2025-02-24T22:30:04.109812" elapsed="0.000095"/>
</kw>
<kw name="Wait Until Element Is Visible" owner="SeleniumLibrary">
<arg>xpath=//a[contains(text(),'Enhanced Local Receptive Fields based Extreme Learning Machine using Dominant Patterns Selection')]</arg>
<arg>timeout=30s</arg>
<doc>Waits until the element ``locator`` is visible.</doc>
<status status="NOT RUN" start="2025-02-24T22:30:04.110281" elapsed="0.000065"/>
</kw>
<kw name="Wait Until Element Is Enabled" owner="SeleniumLibrary">
<arg>xpath=//a[contains(text(),'Enhanced Local Receptive Fields based Extreme Learning Machine using Dominant Patterns Selection')]</arg>
<arg>timeout=30s</arg>
<doc>Waits until the element ``locator`` is enabled.</doc>
<status status="NOT RUN" start="2025-02-24T22:30:04.110649" elapsed="0.000053"/>
</kw>
<kw name="Sleep" owner="BuiltIn">
<arg>2s</arg>
<doc>Pauses the test executed for the given time.</doc>
<status status="NOT RUN" start="2025-02-24T22:30:04.111038" elapsed="0.000065"/>
</kw>
<kw name="Click Element" owner="SeleniumLibrary">
<arg>xpath=//a[contains(text(),'Enhanced Local Receptive Fields based Extreme Learning Machine using Dominant Patterns Selection')]</arg>
<doc>Click the element identified by ``locator``.</doc>
<status status="NOT RUN" start="2025-02-24T22:30:04.111383" elapsed="0.000050"/>
</kw>
<kw name="Page Should Contain" owner="SeleniumLibrary">
<arg>Enhanced Local Receptive Fields based Extreme Learning Machine using Dominant Patterns Selection</arg>
<doc>Verifies that current page contains ``text``.</doc>
<status status="NOT RUN" start="2025-02-24T22:30:04.111676" elapsed="0.000049"/>
</kw>
<status status="FAIL" start="2025-02-24T22:30:00.002516" elapsed="4.109582">No browser is open.</status>
</test>
<test id="s1-t22" name="[Teardown]" line="166">
<kw name="Close Browser" owner="SeleniumLibrary">
<doc>Closes the current browser.</doc>
<status status="PASS" start="2025-02-24T22:30:04.115461" elapsed="0.000297"/>
</kw>
<status status="PASS" start="2025-02-24T22:30:04.114872" elapsed="0.001212"/>
</test>
<status status="FAIL" start="2025-02-24T22:29:42.581831" elapsed="21.535863"/>
</suite>
<statistics>
<total>
<stat pass="1" fail="21" skip="0">All Tests</stat>
</total>
<tag>
</tag>
<suite>
<stat pass="1" fail="21" skip="0" id="s1" name="testRobot">testRobot</stat>
</suite>
</statistics>
<errors>
<msg time="2025-02-24T22:29:43.476521" level="WARN">The chromedriver version (131.0.6778.264) detected in PATH at C:\Users\WINDOWS\Desktop\WebDemo-master\ChromeForTesting\chromedriver.exe might not be compatible with the detected chrome version (133.0.6943.127); currently, chromedriver 133.0.6943.126 is recommended for chrome 133.*, so it is advised to delete the driver in PATH and retry</msg>
<msg time="2025-02-24T22:29:56.554973" level="WARN">The chromedriver version (131.0.6778.264) detected in PATH at C:\Users\WINDOWS\Desktop\WebDemo-master\ChromeForTesting\chromedriver.exe might not be compatible with the detected chrome version (133.0.6943.127); currently, chromedriver 133.0.6943.126 is recommended for chrome 133.*, so it is advised to delete the driver in PATH and retry</msg>
</errors>
</robot>
